<?xml version="1.0" encoding="UTF-8"?>
<robot generator="Robot 4.0.3 (Python 3.7.5 on win32)" generated="20210628 14:16:37.730" rpa="true" schemaversion="2">
<suite id="s1" name="Tasks" source="C:\ProgramData\Temp\rc7e57d2\AppData\Local\Temp\90_1190109_628989700_1\workarea60d9bcd6\tasks.robot">
<test id="s1-t1" name="Order robots from RobotSpareBin Industries Inc">
<kw name="Open the robot order website">
<kw name="Open Available Browser" library="RPA.Browser.Selenium">
<arg>https://robotsparebinindustries.com/#/robot-order</arg>
<doc>Attempts to open a browser on the user's device from a set of
supported browsers. Automatically downloads a corresponding webdriver
if none is already installed.</doc>
<msg timestamp="20210628 14:16:38.364" level="INFO">Creating an instance of the Chrome WebDriver.</msg>
<msg timestamp="20210628 14:16:38.399" level="INFO">Created download root directory: C:\Robocorp\webdrivers</msg>
<msg timestamp="20210628 14:16:38.399" level="INFO">Created symlink directory: C:\Robocorp\webdrivers</msg>
<msg timestamp="20210628 14:16:38.400" level="INFO">Creating an instance of the Chrome WebDriver.</msg>
<msg timestamp="20210628 14:16:40.883" level="INFO">Created Chrome browser with arguments: --disable-dev-shm-usage --disable-web-security --allow-running-insecure-content --no-sandbox</msg>
<msg timestamp="20210628 14:16:40.883" level="INFO" html="true">&lt;p&gt;Attempted combinations:&lt;/p&gt;&lt;div class="doc"&gt;&lt;table&gt;&lt;tr&gt;&lt;th&gt;Browser&lt;/th&gt;&lt;th&gt;Download&lt;/th&gt;&lt;th&gt;Error&lt;/th&gt;&lt;/tr&gt;&lt;tr&gt;&lt;td&gt;Chrome&lt;/td&gt;&lt;td&gt;False&lt;/td&gt;&lt;td&gt;Message: 'chromedriver' executable needs to be in PATH. Please see https://sites.google.com/a/chromium.org/chromedriver/home
&lt;/td&gt;&lt;/tr&gt;&lt;tr&gt;&lt;td&gt;Chrome&lt;/td&gt;&lt;td&gt;True&lt;/td&gt;&lt;td&gt;&lt;/td&gt;&lt;/tr&gt;&lt;/table&gt;&lt;/div&gt;</msg>
<msg timestamp="20210628 14:16:40.883" level="INFO">Opening url 'https://robotsparebinindustries.com/#/robot-order'</msg>
<status status="PASS" starttime="20210628 14:16:38.363" endtime="20210628 14:16:41.966"/>
</kw>
<status status="PASS" starttime="20210628 14:16:38.362" endtime="20210628 14:16:41.967"/>
</kw>
<status status="PASS" starttime="20210628 14:16:38.361" endtime="20210628 14:16:41.969"/>
</test>
<doc>Orders robots from RobotSpareBin Industries Inc.
Saves the order HTML receipt as a PDF file.
Saves the screenshot of the ordered robot.
Embeds the screenshot of the robot to the PDF receipt.
Creates ZIP archive of the receipts and the images.</doc>
<status status="PASS" starttime="20210628 14:16:37.734" endtime="20210628 14:16:41.972"/>
</suite>
<statistics>
<total>
<stat pass="1" fail="0" skip="0">All Tasks</stat>
</total>
<tag>
</tag>
<suite>
<stat pass="1" fail="0" skip="0" id="s1" name="Tasks">Tasks</stat>
</suite>
</statistics>
<errors>
</errors>
</robot>
